Microsoft (R) Macro Assembler Version 14.28.29333.0	    06/20/21 19:16:59
CIS-310-PROG#2-DemetriusJohnson.asm			     Page 1 - 1


				; Program template

				.386
				.model flat,stdcall
				.stack 4096
				ExitProcess proto,dwExitCode:dword

 00000000			.data
					; declare variables here

 00000000 000A 000C 0008		RAW WORD 10, 12, 8, 17, 9, 22, 18, 23, 7, 30, 22, 19, 6, 7 
	   0011 0009 0016
	   0012 0017 0007
	   001E 0016 0013
	   0006 0007

 00000000			.code
 00000000			main proc
					; write your code here

					invoke ExitProcess,0
 00000000  6A 00	   *	    push   +000000000h
 00000002  E8 00000000 E   *	    call   ExitProcess
 00000007			main endp
				end main
Microsoft (R) Macro Assembler Version 14.28.29333.0	    06/20/21 19:16:59
CIS-310-PROG#2-DemetriusJohnson.asm			     Symbols 2 - 1




Segments and Groups:

                N a m e                 Size     Length   Align   Combine Class

FLAT . . . . . . . . . . . . . .	GROUP
STACK  . . . . . . . . . . . . .	32 Bit	 00001000 DWord	  Stack	  'STACK'	 
_DATA  . . . . . . . . . . . . .	32 Bit	 0000001C DWord	  Public  'DATA'	
_TEXT  . . . . . . . . . . . . .	32 Bit	 00000007 DWord	  Public  'CODE'	


Procedures, parameters, and locals:

                N a m e                 Type     Value    Attr

ExitProcess  . . . . . . . . . .	P Near	 00000000 FLAT	Length= 00000000 External STDCALL
main . . . . . . . . . . . . . .	P Near	 00000000 _TEXT	Length= 00000007 Public STDCALL


Symbols:

                N a m e                 Type     Value    Attr

@CodeSize  . . . . . . . . . . .	Number	 00000000h   
@DataSize  . . . . . . . . . . .	Number	 00000000h   
@Interface . . . . . . . . . . .	Number	 00000003h   
@Model . . . . . . . . . . . . .	Number	 00000007h   
@code  . . . . . . . . . . . . .	Text   	 _TEXT
@data  . . . . . . . . . . . . .	Text   	 FLAT
@fardata?  . . . . . . . . . . .	Text   	 FLAT
@fardata . . . . . . . . . . . .	Text   	 FLAT
@stack . . . . . . . . . . . . .	Text   	 FLAT
RAW  . . . . . . . . . . . . . .	Word	 00000000 _DATA	

	   0 Warnings
	   0 Errors
